app/build/intermediates/manifest_merge_blame_file/debug/manifest-merger-blame-debug-report.txt
1<?xml version="1.0" encoding="utf-8"?>
2<manifest xmlns:android="http://schemas.android.com/apk/res/android"
3    package="com.google.android.gms.samples.vision.ocrreader"
4    android:installLocation="auto"
5    android:versionCode="1"
6    android:versionName="1.0" >
7
8    <uses-sdk
9        android:minSdkVersion="9"
9-->src/main/AndroidManifest.xml
10        android:targetSdkVersion="24" />
10-->src/main/AndroidManifest.xml
11
12    <uses-feature android:name="android.hardware.camera" />
12-->src/main/AndroidManifest.xml:6:5-60
12-->src/main/AndroidManifest.xml:6:19-57
13
14    <uses-permission android:name="android.permission.CAMERA" />
14-->src/main/AndroidManifest.xml:8:5-65
14-->src/main/AndroidManifest.xml:8:22-62
15
16    <application
16-->src/main/AndroidManifest.xml:10:5-35:19
17        android:allowBackup="true"
17-->src/main/AndroidManifest.xml:11:9-35
18        android:debuggable="true"
19        android:fullBackupContent="false"
19-->src/main/AndroidManifest.xml:12:9-42
20        android:hardwareAccelerated="true"
20-->src/main/AndroidManifest.xml:13:9-43
21        android:icon="@drawable/icon"
21-->src/main/AndroidManifest.xml:14:9-38
22        android:label="MultiTrackerApp"
22-->src/main/AndroidManifest.xml:15:9-40
23        android:supportsRtl="true"
23-->src/main/AndroidManifest.xml:16:9-37
24        android:testOnly="true"
25        android:theme="@style/Theme.AppCompat" >
25-->src/main/AndroidManifest.xml:17:9-47
26        <meta-data
26-->src/main/AndroidManifest.xml:18:9-20:35
27            android:name="com.google.android.gms.vision.DEPENDENCIES"
27-->src/main/AndroidManifest.xml:19:13-70
28            android:value="ocr" />
28-->src/main/AndroidManifest.xml:20:13-32
29
30        <activity
30-->src/main/AndroidManifest.xml:22:9-31:20
31            android:name="com.google.android.gms.samples.vision.ocrreader.MainActivity"
31-->src/main/AndroidManifest.xml:23:13-88
32            android:label="@string/title_activity_main"
32-->src/main/AndroidManifest.xml:24:13-56
33            android:screenOrientation="portrait" >
33-->src/main/AndroidManifest.xml:25:13-49
34            <intent-filter>
34-->src/main/AndroidManifest.xml:26:13-30:29
35                <action android:name="android.intent.action.MAIN" />
35-->src/main/AndroidManifest.xml:27:17-69
35-->src/main/AndroidManifest.xml:27:25-66
36
37                <category android:name="android.intent.category.LAUNCHER" />
37-->src/main/AndroidManifest.xml:29:17-77
37-->src/main/AndroidManifest.xml:29:27-74
38            </intent-filter>
39        </activity>
40        <activity
40-->src/main/AndroidManifest.xml:33:9-34:41
41            android:name="com.google.android.gms.samples.vision.ocrreader.OcrCaptureActivity"
41-->src/main/AndroidManifest.xml:33:19-100
42            android:label="Read Text" />
42-->src/main/AndroidManifest.xml:34:13-38
43        <activity
43-->[com.google.android.gms:play-services-base:9.4.0] AndroidManifest.xml:20:9-22:45
44            android:name="com.google.android.gms.common.api.GoogleApiActivity"
44-->[com.google.android.gms:play-services-base:9.4.0] AndroidManifest.xml:20:19-85
45            android:exported="false"
45-->[com.google.android.gms:play-services-base:9.4.0] AndroidManifest.xml:22:19-43
46            android:theme="@android:style/Theme.Translucent.NoTitleBar" />
46-->[com.google.android.gms:play-services-base:9.4.0] AndroidManifest.xml:21:19-78
47
48        <meta-data
48-->[com.google.android.gms:play-services-basement:9.4.0] AndroidManifest.xml:21:9-23:69
49            android:name="com.google.android.gms.version"
49-->[com.google.android.gms:play-services-basement:9.4.0] AndroidManifest.xml:22:13-58
50            android:value="@integer/google_play_services_version" />
50-->[com.google.android.gms:play-services-basement:9.4.0] AndroidManifest.xml:23:13-66
51    </application>
52
53</manifest>